{"D:\\priv\\programowanie\\10xdev2\\programs\\mainProject\\src\\lib\\api-client.ts": {"path":"D:\\priv\\programowanie\\10xdev2\\programs\\mainProject\\src\\lib\\api-client.ts","statementMap":{"0":{"start":{"line":38,"column":4},"end":{"line":38,"column":null}},"1":{"start":{"line":34,"column":11},"end":{"line":34,"column":null}},"2":{"start":{"line":35,"column":11},"end":{"line":35,"column":null}},"3":{"start":{"line":36,"column":11},"end":{"line":36,"column":null}},"4":{"start":{"line":39,"column":4},"end":{"line":39,"column":null}},"5":{"start":{"line":45,"column":4},"end":{"line":45,"column":null}},"6":{"start":{"line":46,"column":4},"end":{"line":46,"column":null}},"7":{"start":{"line":52,"column":4},"end":{"line":52,"column":null}},"8":{"start":{"line":53,"column":4},"end":{"line":53,"column":null}},"9":{"start":{"line":59,"column":4},"end":{"line":59,"column":null}},"10":{"start":{"line":60,"column":4},"end":{"line":60,"column":null}},"11":{"start":{"line":72,"column":4},"end":{"line":81,"column":null}},"12":{"start":{"line":88,"column":99},"end":{"line":88,"column":null}},"13":{"start":{"line":90,"column":20},"end":{"line":90,"column":null}},"14":{"start":{"line":92,"column":4},"end":{"line":153,"column":null}},"15":{"start":{"line":92,"column":23},"end":{"line":92,"column":26}},"16":{"start":{"line":93,"column":6},"end":{"line":152,"column":null}},"17":{"start":{"line":95,"column":27},"end":{"line":95,"column":null}},"18":{"start":{"line":96,"column":26},"end":{"line":96,"column":null}},"19":{"start":{"line":96,"column":43},"end":{"line":96,"column":63}},"20":{"start":{"line":99,"column":42},"end":{"line":106,"column":null}},"21":{"start":{"line":109,"column":8},"end":{"line":111,"column":null}},"22":{"start":{"line":110,"column":10},"end":{"line":110,"column":null}},"23":{"start":{"line":114,"column":25},"end":{"line":114,"column":null}},"24":{"start":{"line":115,"column":8},"end":{"line":115,"column":null}},"25":{"start":{"line":118,"column":8},"end":{"line":118,"column":null}},"26":{"start":{"line":121,"column":8},"end":{"line":123,"column":null}},"27":{"start":{"line":122,"column":10},"end":{"line":122,"column":null}},"28":{"start":{"line":127,"column":11},"end":{"line":128,"column":null}},"29":{"start":{"line":130,"column":8},"end":{"line":146,"column":null}},"30":{"start":{"line":131,"column":10},"end":{"line":137,"column":null}},"31":{"start":{"line":132,"column":12},"end":{"line":136,"column":null}},"32":{"start":{"line":138,"column":8},"end":{"line":146,"column":null}},"33":{"start":{"line":140,"column":26},"end":{"line":140,"column":null}},"34":{"start":{"line":141,"column":10},"end":{"line":145,"column":null}},"35":{"start":{"line":149,"column":8},"end":{"line":151,"column":null}},"36":{"start":{"line":150,"column":10},"end":{"line":150,"column":null}},"37":{"start":{"line":156,"column":4},"end":{"line":159,"column":null}},"38":{"start":{"line":166,"column":4},"end":{"line":214,"column":null}},"39":{"start":{"line":168,"column":6},"end":{"line":184,"column":null}},"40":{"start":{"line":170,"column":8},"end":{"line":172,"column":null}},"41":{"start":{"line":171,"column":10},"end":{"line":171,"column":null}},"42":{"start":{"line":175,"column":28},"end":{"line":175,"column":null}},"43":{"start":{"line":176,"column":8},"end":{"line":179,"column":null}},"44":{"start":{"line":177,"column":23},"end":{"line":177,"column":null}},"45":{"start":{"line":178,"column":10},"end":{"line":178,"column":null}},"46":{"start":{"line":182,"column":21},"end":{"line":182,"column":null}},"47":{"start":{"line":183,"column":8},"end":{"line":183,"column":null}},"48":{"start":{"line":189,"column":6},"end":{"line":193,"column":null}},"49":{"start":{"line":190,"column":8},"end":{"line":190,"column":null}},"50":{"start":{"line":192,"column":8},"end":{"line":192,"column":null}},"51":{"start":{"line":196,"column":8},"end":{"line":196,"column":null}},"52":{"start":{"line":198,"column":6},"end":{"line":206,"column":null}},"53":{"start":{"line":208,"column":22},"end":{"line":208,"column":null}},"54":{"start":{"line":209,"column":6},"end":{"line":213,"column":null}},"55":{"start":{"line":221,"column":4},"end":{"line":221,"column":null}},"56":{"start":{"line":221,"column":36},"end":{"line":221,"column":59}},"57":{"start":{"line":229,"column":4},"end":{"line":229,"column":null}},"58":{"start":{"line":233,"column":4},"end":{"line":233,"column":null}},"59":{"start":{"line":237,"column":4},"end":{"line":237,"column":null}},"60":{"start":{"line":241,"column":4},"end":{"line":241,"column":null}},"61":{"start":{"line":245,"column":4},"end":{"line":245,"column":null}},"62":{"start":{"line":256,"column":4},"end":{"line":256,"column":null}},"63":{"start":{"line":263,"column":4},"end":{"line":263,"column":null}},"64":{"start":{"line":274,"column":25},"end":{"line":274,"column":null}},"65":{"start":{"line":289,"column":2},"end":{"line":305,"column":null}},"66":{"start":{"line":291,"column":6},"end":{"line":291,"column":null}},"67":{"start":{"line":293,"column":6},"end":{"line":293,"column":null}},"68":{"start":{"line":295,"column":6},"end":{"line":295,"column":null}},"69":{"start":{"line":297,"column":6},"end":{"line":297,"column":null}},"70":{"start":{"line":299,"column":6},"end":{"line":299,"column":null}},"71":{"start":{"line":301,"column":6},"end":{"line":304,"column":null}},"72":{"start":{"line":312,"column":2},"end":{"line":312,"column":null}},"73":{"start":{"line":319,"column":2},"end":{"line":319,"column":null}}},"fnMap":{"0":{"name":"(anonymous_0)","decl":{"start":{"line":32,"column":2},"end":{"line":32,"column":null}},"loc":{"start":{"line":37,"column":4},"end":{"line":40,"column":null}},"line":37},"1":{"name":"(anonymous_1)","decl":{"start":{"line":44,"column":2},"end":{"line":44,"column":14}},"loc":{"start":{"line":44,"column":50},"end":{"line":47,"column":null}},"line":44},"2":{"name":"(anonymous_2)","decl":{"start":{"line":51,"column":2},"end":{"line":51,"column":14}},"loc":{"start":{"line":51,"column":43},"end":{"line":54,"column":null}},"line":51},"3":{"name":"(anonymous_3)","decl":{"start":{"line":58,"column":2},"end":{"line":58,"column":14}},"loc":{"start":{"line":58,"column":50},"end":{"line":61,"column":null}},"line":58},"4":{"name":"(anonymous_4)","decl":{"start":{"line":71,"column":2},"end":{"line":71,"column":14}},"loc":{"start":{"line":71,"column":44},"end":{"line":82,"column":null}},"line":71},"5":{"name":"(anonymous_5)","decl":{"start":{"line":87,"column":18},"end":{"line":87,"column":33}},"loc":{"start":{"line":87,"column":97},"end":{"line":160,"column":null}},"line":87},"6":{"name":"(anonymous_6)","decl":{"start":{"line":96,"column":37},"end":{"line":96,"column":43}},"loc":{"start":{"line":96,"column":43},"end":{"line":96,"column":63}},"line":96},"7":{"name":"(anonymous_7)","decl":{"start":{"line":165,"column":16},"end":{"line":165,"column":34}},"loc":{"start":{"line":165,"column":77},"end":{"line":215,"column":null}},"line":165},"8":{"name":"(anonymous_8)","decl":{"start":{"line":220,"column":10},"end":{"line":220,"column":16}},"loc":{"start":{"line":220,"column":43},"end":{"line":222,"column":null}},"line":220},"9":{"name":"(anonymous_9)","decl":{"start":{"line":221,"column":23},"end":{"line":221,"column":24}},"loc":{"start":{"line":221,"column":36},"end":{"line":221,"column":59}},"line":221},"10":{"name":"(anonymous_10)","decl":{"start":{"line":228,"column":8},"end":{"line":228,"column":15}},"loc":{"start":{"line":228,"column":100},"end":{"line":230,"column":null}},"line":228},"11":{"name":"(anonymous_11)","decl":{"start":{"line":232,"column":8},"end":{"line":232,"column":16}},"loc":{"start":{"line":232,"column":108},"end":{"line":234,"column":null}},"line":232},"12":{"name":"(anonymous_12)","decl":{"start":{"line":236,"column":8},"end":{"line":236,"column":15}},"loc":{"start":{"line":236,"column":107},"end":{"line":238,"column":null}},"line":236},"13":{"name":"(anonymous_13)","decl":{"start":{"line":240,"column":8},"end":{"line":240,"column":17}},"loc":{"start":{"line":240,"column":109},"end":{"line":242,"column":null}},"line":240},"14":{"name":"(anonymous_14)","decl":{"start":{"line":244,"column":8},"end":{"line":244,"column":18}},"loc":{"start":{"line":244,"column":103},"end":{"line":246,"column":null}},"line":244},"15":{"name":"(anonymous_15)","decl":{"start":{"line":255,"column":2},"end":{"line":255,"column":13}},"loc":{"start":{"line":255,"column":52},"end":{"line":257,"column":null}},"line":255},"16":{"name":"(anonymous_16)","decl":{"start":{"line":262,"column":2},"end":{"line":262,"column":13}},"loc":{"start":{"line":262,"column":58},"end":{"line":264,"column":null}},"line":262},"17":{"name":"apiCall","decl":{"start":{"line":283,"column":22},"end":{"line":283,"column":null}},"loc":{"start":{"line":288,"column":25},"end":{"line":306,"column":null}},"line":288},"18":{"name":"isApiSuccess","decl":{"start":{"line":311,"column":16},"end":{"line":311,"column":32}},"loc":{"start":{"line":311,"column":92},"end":{"line":313,"column":null}},"line":311},"19":{"name":"getApiError","decl":{"start":{"line":318,"column":16},"end":{"line":318,"column":31}},"loc":{"start":{"line":318,"column":68},"end":{"line":320,"column":null}},"line":318}},"branchMap":{"0":{"loc":{"start":{"line":44,"column":14},"end":{"line":44,"column":50}},"type":"default-arg","locations":[{"start":{"line":44,"column":24},"end":{"line":44,"column":50}}],"line":44},"1":{"loc":{"start":{"line":51,"column":14},"end":{"line":51,"column":43}},"type":"default-arg","locations":[{"start":{"line":51,"column":24},"end":{"line":51,"column":43}}],"line":51},"2":{"loc":{"start":{"line":71,"column":14},"end":{"line":71,"column":44}},"type":"default-arg","locations":[{"start":{"line":71,"column":40},"end":{"line":71,"column":44}}],"line":71},"3":{"loc":{"start":{"line":73,"column":15},"end":{"line":73,"column":null}},"type":"binary-expr","locations":[{"start":{"line":73,"column":15},"end":{"line":73,"column":33}},{"start":{"line":73,"column":33},"end":{"line":73,"column":null}}],"line":73},"4":{"loc":{"start":{"line":74,"column":15},"end":{"line":74,"column":null}},"type":"binary-expr","locations":[{"start":{"line":74,"column":15},"end":{"line":74,"column":33}},{"start":{"line":74,"column":33},"end":{"line":74,"column":null}}],"line":74},"5":{"loc":{"start":{"line":75,"column":15},"end":{"line":75,"column":null}},"type":"binary-expr","locations":[{"start":{"line":75,"column":15},"end":{"line":75,"column":33}},{"start":{"line":75,"column":33},"end":{"line":75,"column":null}}],"line":75},"6":{"loc":{"start":{"line":76,"column":18},"end":{"line":76,"column":null}},"type":"binary-expr","locations":[{"start":{"line":76,"column":18},"end":{"line":76,"column":39}},{"start":{"line":76,"column":39},"end":{"line":76,"column":null}}],"line":76},"7":{"loc":{"start":{"line":87,"column":46},"end":{"line":87,"column":97}},"type":"default-arg","locations":[{"start":{"line":87,"column":70},"end":{"line":87,"column":97}}],"line":87},"8":{"loc":{"start":{"line":88,"column":12},"end":{"line":88,"column":43}},"type":"default-arg","locations":[{"start":{"line":88,"column":22},"end":{"line":88,"column":43}}],"line":88},"9":{"loc":{"start":{"line":88,"column":43},"end":{"line":88,"column":74}},"type":"default-arg","locations":[{"start":{"line":88,"column":53},"end":{"line":88,"column":74}}],"line":88},"10":{"loc":{"start":{"line":90,"column":20},"end":{"line":90,"column":null}},"type":"cond-expr","locations":[{"start":{"line":90,"column":45},"end":{"line":90,"column":51}},{"start":{"line":90,"column":51},"end":{"line":90,"column":null}}],"line":90},"11":{"loc":{"start":{"line":109,"column":8},"end":{"line":111,"column":null}},"type":"if","locations":[{"start":{"line":109,"column":8},"end":{"line":111,"column":null}},{"start":{},"end":{}}],"line":109},"12":{"loc":{"start":{"line":110,"column":30},"end":{"line":110,"column":null}},"type":"cond-expr","locations":[{"start":{"line":110,"column":57},"end":{"line":110,"column":64}},{"start":{"line":110,"column":64},"end":{"line":110,"column":null}}],"line":110},"13":{"loc":{"start":{"line":121,"column":8},"end":{"line":123,"column":null}},"type":"if","locations":[{"start":{"line":121,"column":8},"end":{"line":123,"column":null}},{"start":{},"end":{}}],"line":121},"14":{"loc":{"start":{"line":127,"column":11},"end":{"line":128,"column":null}},"type":"binary-expr","locations":[{"start":{"line":127,"column":11},"end":{"line":127,"column":37}},{"start":{"line":127,"column":37},"end":{"line":127,"column":null}},{"start":{"line":128,"column":11},"end":{"line":128,"column":44}},{"start":{"line":128,"column":44},"end":{"line":128,"column":null}}],"line":127},"15":{"loc":{"start":{"line":130,"column":8},"end":{"line":146,"column":null}},"type":"if","locations":[{"start":{"line":130,"column":8},"end":{"line":146,"column":null}},{"start":{"line":138,"column":8},"end":{"line":146,"column":null}}],"line":130},"16":{"loc":{"start":{"line":131,"column":10},"end":{"line":137,"column":null}},"type":"if","locations":[{"start":{"line":131,"column":10},"end":{"line":137,"column":null}},{"start":{},"end":{}}],"line":131},"17":{"loc":{"start":{"line":138,"column":8},"end":{"line":146,"column":null}},"type":"if","locations":[{"start":{"line":138,"column":8},"end":{"line":146,"column":null}},{"start":{},"end":{}}],"line":138},"18":{"loc":{"start":{"line":140,"column":26},"end":{"line":140,"column":null}},"type":"cond-expr","locations":[{"start":{"line":140,"column":51},"end":{"line":140,"column":67}},{"start":{"line":140,"column":67},"end":{"line":140,"column":null}}],"line":140},"19":{"loc":{"start":{"line":149,"column":8},"end":{"line":151,"column":null}},"type":"if","locations":[{"start":{"line":149,"column":8},"end":{"line":151,"column":null}},{"start":{},"end":{}}],"line":149},"20":{"loc":{"start":{"line":168,"column":6},"end":{"line":184,"column":null}},"type":"if","locations":[{"start":{"line":168,"column":6},"end":{"line":184,"column":null}},{"start":{},"end":{}}],"line":168},"21":{"loc":{"start":{"line":170,"column":8},"end":{"line":172,"column":null}},"type":"if","locations":[{"start":{"line":170,"column":8},"end":{"line":172,"column":null}},{"start":{},"end":{}}],"line":170},"22":{"loc":{"start":{"line":176,"column":8},"end":{"line":179,"column":null}},"type":"if","locations":[{"start":{"line":176,"column":8},"end":{"line":179,"column":null}},{"start":{},"end":{}}],"line":176},"23":{"loc":{"start":{"line":196,"column":8},"end":{"line":196,"column":null}},"type":"cond-expr","locations":[{"start":{"line":196,"column":40},"end":{"line":196,"column":83}},{"start":{"line":196,"column":83},"end":{"line":196,"column":null}}],"line":196},"24":{"loc":{"start":{"line":196,"column":40},"end":{"line":196,"column":83}},"type":"binary-expr","locations":[{"start":{"line":196,"column":40},"end":{"line":196,"column":61}},{"start":{"line":196,"column":61},"end":{"line":196,"column":83}}],"line":196},"25":{"loc":{"start":{"line":196,"column":83},"end":{"line":196,"column":null}},"type":"binary-expr","locations":[{"start":{"line":196,"column":83},"end":{"line":196,"column":96}},{"start":{"line":196,"column":96},"end":{"line":196,"column":null}}],"line":196},"26":{"loc":{"start":{"line":208,"column":22},"end":{"line":208,"column":null}},"type":"cond-expr","locations":[{"start":{"line":208,"column":47},"end":{"line":208,"column":63}},{"start":{"line":208,"column":63},"end":{"line":208,"column":null}}],"line":208},"27":{"loc":{"start":{"line":289,"column":2},"end":{"line":305,"column":null}},"type":"switch","locations":[{"start":{"line":290,"column":4},"end":{"line":291,"column":null}},{"start":{"line":292,"column":4},"end":{"line":293,"column":null}},{"start":{"line":294,"column":4},"end":{"line":295,"column":null}},{"start":{"line":296,"column":4},"end":{"line":297,"column":null}},{"start":{"line":298,"column":4},"end":{"line":299,"column":null}},{"start":{"line":300,"column":4},"end":{"line":304,"column":null}}],"line":289},"28":{"loc":{"start":{"line":319,"column":9},"end":{"line":319,"column":null}},"type":"cond-expr","locations":[{"start":{"line":319,"column":26},"end":{"line":319,"column":33}},{"start":{"line":319,"column":33},"end":{"line":319,"column":null}}],"line":319},"29":{"loc":{"start":{"line":319,"column":33},"end":{"line":319,"column":null}},"type":"binary-expr","locations":[{"start":{"line":319,"column":33},"end":{"line":319,"column":49}},{"start":{"line":319,"column":49},"end":{"line":319,"column":null}}],"line":319}},"s":{"0":4,"1":4,"2":4,"3":4,"4":4,"5":1,"6":1,"7":1,"8":1,"9":1,"10":1,"11":57,"12":6,"13":6,"14":6,"15":6,"16":14,"17":14,"18":14,"19":0,"20":14,"21":14,"22":0,"23":14,"24":5,"25":5,"26":9,"27":0,"28":9,"29":9,"30":1,"31":0,"32":8,"33":1,"34":1,"35":8,"36":8,"37":8,"38":17,"39":17,"40":12,"41":1,"42":11,"43":11,"44":9,"45":7,"46":2,"47":2,"48":5,"49":5,"50":3,"51":5,"52":17,"53":2,"54":2,"55":0,"56":0,"57":2,"58":2,"59":1,"60":1,"61":2,"62":3,"63":2,"64":1,"65":6,"66":1,"67":1,"68":1,"69":1,"70":1,"71":1,"72":7,"73":5},"f":{"0":4,"1":1,"2":1,"3":1,"4":57,"5":6,"6":0,"7":17,"8":0,"9":0,"10":2,"11":2,"12":1,"13":1,"14":2,"15":3,"16":2,"17":6,"18":7,"19":5},"b":{"0":[1],"1":[1],"2":[57],"3":[57,56],"4":[57,55],"5":[57,49],"6":[57,49],"7":[6],"8":[6],"9":[6],"10":[0,6],"11":[0,14],"12":[0,0],"13":[0,9],"14":[9,9,8,0],"15":[1,8],"16":[0,1],"17":[1,7],"18":[1,0],"19":[8,0],"20":[12,5],"21":[1,11],"22":[9,2],"23":[2,3],"24":[2,0],"25":[3,1],"26":[2,0],"27":[1,1,1,1,1,1],"28":[2,3],"29":[3,2]},"meta":{"lastBranch":30,"lastFunction":20,"lastStatement":74,"seen":{"f:32:2:32:Infinity":0,"s:38:4:38:Infinity":0,"s:34:11:34:Infinity":1,"s:35:11:35:Infinity":2,"s:36:11:36:Infinity":3,"s:39:4:39:Infinity":4,"f:44:2:44:14":1,"b:44:24:44:50":0,"s:45:4:45:Infinity":5,"s:46:4:46:Infinity":6,"f:51:2:51:14":2,"b:51:24:51:43":1,"s:52:4:52:Infinity":7,"s:53:4:53:Infinity":8,"f:58:2:58:14":3,"s:59:4:59:Infinity":9,"s:60:4:60:Infinity":10,"f:71:2:71:14":4,"b:71:40:71:44":2,"s:72:4:81:Infinity":11,"b:73:15:73:33:73:33:73:Infinity":3,"b:74:15:74:33:74:33:74:Infinity":4,"b:75:15:75:33:75:33:75:Infinity":5,"b:76:18:76:39:76:39:76:Infinity":6,"f:87:18:87:33":5,"b:87:70:87:97":7,"s:88:99:88:Infinity":12,"b:88:22:88:43":8,"b:88:53:88:74":9,"s:90:20:90:Infinity":13,"b:90:45:90:51:90:51:90:Infinity":10,"s:92:4:153:Infinity":14,"s:92:23:92:26":15,"s:93:6:152:Infinity":16,"s:95:27:95:Infinity":17,"s:96:26:96:Infinity":18,"f:96:37:96:43":6,"s:96:43:96:63":19,"s:99:42:106:Infinity":20,"b:109:8:111:Infinity:undefined:undefined:undefined:undefined":11,"s:109:8:111:Infinity":21,"s:110:10:110:Infinity":22,"b:110:57:110:64:110:64:110:Infinity":12,"s:114:25:114:Infinity":23,"s:115:8:115:Infinity":24,"s:118:8:118:Infinity":25,"b:121:8:123:Infinity:undefined:undefined:undefined:undefined":13,"s:121:8:123:Infinity":26,"s:122:10:122:Infinity":27,"s:127:11:128:Infinity":28,"b:127:11:127:37:127:37:127:Infinity:128:11:128:44:128:44:128:Infinity":14,"b:130:8:146:Infinity:138:8:146:Infinity":15,"s:130:8:146:Infinity":29,"b:131:10:137:Infinity:undefined:undefined:undefined:undefined":16,"s:131:10:137:Infinity":30,"s:132:12:136:Infinity":31,"b:138:8:146:Infinity:undefined:undefined:undefined:undefined":17,"s:138:8:146:Infinity":32,"s:140:26:140:Infinity":33,"b:140:51:140:67:140:67:140:Infinity":18,"s:141:10:145:Infinity":34,"b:149:8:151:Infinity:undefined:undefined:undefined:undefined":19,"s:149:8:151:Infinity":35,"s:150:10:150:Infinity":36,"s:156:4:159:Infinity":37,"f:165:16:165:34":7,"s:166:4:214:Infinity":38,"b:168:6:184:Infinity:undefined:undefined:undefined:undefined":20,"s:168:6:184:Infinity":39,"b:170:8:172:Infinity:undefined:undefined:undefined:undefined":21,"s:170:8:172:Infinity":40,"s:171:10:171:Infinity":41,"s:175:28:175:Infinity":42,"b:176:8:179:Infinity:undefined:undefined:undefined:undefined":22,"s:176:8:179:Infinity":43,"s:177:23:177:Infinity":44,"s:178:10:178:Infinity":45,"s:182:21:182:Infinity":46,"s:183:8:183:Infinity":47,"s:189:6:193:Infinity":48,"s:190:8:190:Infinity":49,"s:192:8:192:Infinity":50,"s:196:8:196:Infinity":51,"b:196:40:196:83:196:83:196:Infinity":23,"b:196:40:196:61:196:61:196:83":24,"b:196:83:196:96:196:96:196:Infinity":25,"s:198:6:206:Infinity":52,"s:208:22:208:Infinity":53,"b:208:47:208:63:208:63:208:Infinity":26,"s:209:6:213:Infinity":54,"f:220:10:220:16":8,"s:221:4:221:Infinity":55,"f:221:23:221:24":9,"s:221:36:221:59":56,"f:228:8:228:15":10,"s:229:4:229:Infinity":57,"f:232:8:232:16":11,"s:233:4:233:Infinity":58,"f:236:8:236:15":12,"s:237:4:237:Infinity":59,"f:240:8:240:17":13,"s:241:4:241:Infinity":60,"f:244:8:244:18":14,"s:245:4:245:Infinity":61,"f:255:2:255:13":15,"s:256:4:256:Infinity":62,"f:262:2:262:13":16,"s:263:4:263:Infinity":63,"s:274:25:274:Infinity":64,"f:283:22:283:Infinity":17,"b:290:4:291:Infinity:292:4:293:Infinity:294:4:295:Infinity:296:4:297:Infinity:298:4:299:Infinity:300:4:304:Infinity":27,"s:289:2:305:Infinity":65,"s:291:6:291:Infinity":66,"s:293:6:293:Infinity":67,"s:295:6:295:Infinity":68,"s:297:6:297:Infinity":69,"s:299:6:299:Infinity":70,"s:301:6:304:Infinity":71,"f:311:16:311:32":18,"s:312:2:312:Infinity":72,"f:318:16:318:31":19,"s:319:2:319:Infinity":73,"b:319:26:319:33:319:33:319:Infinity":28,"b:319:33:319:49:319:49:319:Infinity":29}}}
,"D:\\priv\\programowanie\\10xdev2\\programs\\mainProject\\src\\lib\\types\\common.ts": {"path":"D:\\priv\\programowanie\\10xdev2\\programs\\mainProject\\src\\lib\\types\\common.ts","statementMap":{"0":{"start":{"line":234,"column":33},"end":{"line":253,"column":null}},"1":{"start":{"line":258,"column":27},"end":{"line":271,"column":null}}},"fnMap":{},"branchMap":{},"s":{"0":1,"1":1},"f":{},"b":{},"meta":{"lastBranch":0,"lastFunction":0,"lastStatement":2,"seen":{"s:234:33:253:Infinity":0,"s:258:27:271:Infinity":1}}}
}
